Analysis & Synthesis report for cpu
Mon Dec 11 14:20:02 2017
Quartus II 64-Bit Version 13.0.1 Build 232 06/12/2013 Service Pack 1 SJ Web Edition


---------------------
; Table of Contents ;
---------------------
  1. Legal Notice
  2. Analysis & Synthesis Summary
  3. Analysis & Synthesis Settings
  4. Parallel Compilation
  5. Analysis & Synthesis Source Files Read
  6. Analysis & Synthesis Resource Usage Summary
  7. Analysis & Synthesis Resource Utilization by Entity
  8. State Machine - |cpu|ctrl:controller|state
  9. Registers Removed During Synthesis
 10. Removed Registers Triggering Further Register Optimizations
 11. General Register Statistics
 12. Inverted Register Statistics
 13. Multiplexer Restructuring Statistics (Restructuring Performed)
 14. Port Connectivity Checks: "dp:datapath"
 15. Elapsed Time Per Partition
 16. Analysis & Synthesis Messages



----------------
; Legal Notice ;
----------------
Copyright (C) 1991-2013 Altera Corporation
Your use of Altera Corporation's design tools, logic functions 
and other software and tools, and its AMPP partner logic 
functions, and any output files from any of the foregoing 
(including device programming or simulation files), and any 
associated documentation or information are expressly subject 
to the terms and conditions of the Altera Program License 
Subscription Agreement, Altera MegaCore Function License 
Agreement, or other applicable license agreement, including, 
without limitation, that your use is for the sole purpose of 
programming logic devices manufactured by Altera and sold by 
Altera or its authorized distributors.  Please refer to the 
applicable agreement for further details.



+--------------------------------------------------------------------------------------+
; Analysis & Synthesis Summary                                                         ;
+------------------------------------+-------------------------------------------------+
; Analysis & Synthesis Status        ; Successful - Mon Dec 11 14:20:02 2017           ;
; Quartus II 64-Bit Version          ; 13.0.1 Build 232 06/12/2013 SP 1 SJ Web Edition ;
; Revision Name                      ; cpu                                             ;
; Top-level Entity Name              ; cpu                                             ;
; Family                             ; Cyclone II                                      ;
; Total logic elements               ; 116                                             ;
;     Total combinational functions  ; 82                                              ;
;     Dedicated logic registers      ; 80                                              ;
; Total registers                    ; 80                                              ;
; Total pins                         ; 53                                              ;
; Total virtual pins                 ; 0                                               ;
; Total memory bits                  ; 0                                               ;
; Embedded Multiplier 9-bit elements ; 0                                               ;
; Total PLLs                         ; 0                                               ;
+------------------------------------+-------------------------------------------------+


+----------------------------------------------------------------------------------------------------------------------+
; Analysis & Synthesis Settings                                                                                        ;
+----------------------------------------------------------------------------+--------------------+--------------------+
; Option                                                                     ; Setting            ; Default Value      ;
+----------------------------------------------------------------------------+--------------------+--------------------+
; Device                                                                     ; EP2C35F672C6       ;                    ;
; Top-level entity name                                                      ; cpu                ; cpu                ;
; Family name                                                                ; Cyclone II         ; Cyclone IV GX      ;
; Use smart compilation                                                      ; Off                ; Off                ;
; Enable parallel Assembler and TimeQuest Timing Analyzer during compilation ; On                 ; On                 ;
; Enable compact report table                                                ; Off                ; Off                ;
; Restructure Multiplexers                                                   ; Auto               ; Auto               ;
; Create Debugging Nodes for IP Cores                                        ; Off                ; Off                ;
; Preserve fewer node names                                                  ; On                 ; On                 ;
; Disable OpenCore Plus hardware evaluation                                  ; Off                ; Off                ;
; Verilog Version                                                            ; Verilog_2001       ; Verilog_2001       ;
; VHDL Version                                                               ; VHDL_1993          ; VHDL_1993          ;
; State Machine Processing                                                   ; Auto               ; Auto               ;
; Safe State Machine                                                         ; Off                ; Off                ;
; Extract Verilog State Machines                                             ; On                 ; On                 ;
; Extract VHDL State Machines                                                ; On                 ; On                 ;
; Ignore Verilog initial constructs                                          ; Off                ; Off                ;
; Iteration limit for constant Verilog loops                                 ; 5000               ; 5000               ;
; Iteration limit for non-constant Verilog loops                             ; 250                ; 250                ;
; Add Pass-Through Logic to Inferred RAMs                                    ; On                 ; On                 ;
; Infer RAMs from Raw Logic                                                  ; On                 ; On                 ;
; Parallel Synthesis                                                         ; On                 ; On                 ;
; DSP Block Balancing                                                        ; Auto               ; Auto               ;
; NOT Gate Push-Back                                                         ; On                 ; On                 ;
; Power-Up Don't Care                                                        ; On                 ; On                 ;
; Remove Redundant Logic Cells                                               ; Off                ; Off                ;
; Remove Duplicate Registers                                                 ; On                 ; On                 ;
; Ignore CARRY Buffers                                                       ; Off                ; Off                ;
; Ignore CASCADE Buffers                                                     ; Off                ; Off                ;
; Ignore GLOBAL Buffers                                                      ; Off                ; Off                ;
; Ignore ROW GLOBAL Buffers                                                  ; Off                ; Off                ;
; Ignore LCELL Buffers                                                       ; Off                ; Off                ;
; Ignore SOFT Buffers                                                        ; On                 ; On                 ;
; Limit AHDL Integers to 32 Bits                                             ; Off                ; Off                ;
; Optimization Technique                                                     ; Balanced           ; Balanced           ;
; Carry Chain Length                                                         ; 70                 ; 70                 ;
; Auto Carry Chains                                                          ; On                 ; On                 ;
; Auto Open-Drain Pins                                                       ; On                 ; On                 ;
; Perform WYSIWYG Primitive Resynthesis                                      ; Off                ; Off                ;
; Auto ROM Replacement                                                       ; On                 ; On                 ;
; Auto RAM Replacement                                                       ; On                 ; On                 ;
; Auto Shift Register Replacement                                            ; Auto               ; Auto               ;
; Allow Shift Register Merging across Hierarchies                            ; Auto               ; Auto               ;
; Auto Clock Enable Replacement                                              ; On                 ; On                 ;
; Strict RAM Replacement                                                     ; Off                ; Off                ;
; Allow Synchronous Control Signals                                          ; On                 ; On                 ;
; Force Use of Synchronous Clear Signals                                     ; Off                ; Off                ;
; Auto RAM to Logic Cell Conversion                                          ; Off                ; Off                ;
; Auto Resource Sharing                                                      ; Off                ; Off                ;
; Allow Any RAM Size For Recognition                                         ; Off                ; Off                ;
; Allow Any ROM Size For Recognition                                         ; Off                ; Off                ;
; Allow Any Shift Register Size For Recognition                              ; Off                ; Off                ;
; Use LogicLock Constraints during Resource Balancing                        ; On                 ; On                 ;
; Ignore translate_off and synthesis_off directives                          ; Off                ; Off                ;
; Timing-Driven Synthesis                                                    ; Off                ; Off                ;
; Report Parameter Settings                                                  ; On                 ; On                 ;
; Report Source Assignments                                                  ; On                 ; On                 ;
; Report Connectivity Checks                                                 ; On                 ; On                 ;
; Ignore Maximum Fan-Out Assignments                                         ; Off                ; Off                ;
; Synchronization Register Chain Length                                      ; 2                  ; 2                  ;
; PowerPlay Power Optimization                                               ; Normal compilation ; Normal compilation ;
; HDL message level                                                          ; Level2             ; Level2             ;
; Suppress Register Optimization Related Messages                            ; Off                ; Off                ;
; Number of Removed Registers Reported in Synthesis Report                   ; 5000               ; 5000               ;
; Number of Swept Nodes Reported in Synthesis Report                         ; 5000               ; 5000               ;
; Number of Inverted Registers Reported in Synthesis Report                  ; 100                ; 100                ;
; Clock MUX Protection                                                       ; On                 ; On                 ;
; Auto Gated Clock Conversion                                                ; Off                ; Off                ;
; Block Design Naming                                                        ; Auto               ; Auto               ;
; SDC constraint protection                                                  ; Off                ; Off                ;
; Synthesis Effort                                                           ; Auto               ; Auto               ;
; Shift Register Replacement - Allow Asynchronous Clear Signal               ; On                 ; On                 ;
; Pre-Mapping Resynthesis Optimization                                       ; Off                ; Off                ;
; Analysis & Synthesis Message Level                                         ; Medium             ; Medium             ;
; Disable Register Merging Across Hierarchies                                ; Auto               ; Auto               ;
; Resource Aware Inference For Block RAM                                     ; On                 ; On                 ;
; Synthesis Seed                                                             ; 1                  ; 1                  ;
+----------------------------------------------------------------------------+--------------------+--------------------+


Parallel compilation was disabled, but you have multiple processors available. Enable parallel compilation to reduce compilation time.
+-------------------------------------+
; Parallel Compilation                ;
+----------------------------+--------+
; Processors                 ; Number ;
+----------------------------+--------+
; Number detected on machine ; 4      ;
; Maximum allowed            ; 1      ;
+----------------------------+--------+


+----------------------------------------------------------------------------------------------------------------------------+
; Analysis & Synthesis Source Files Read                                                                                     ;
+----------------------------------+-----------------+-----------------+-------------------------------------------+---------+
; File Name with User-Entered Path ; Used in Netlist ; File Type       ; File Name with Absolute Path              ; Library ;
+----------------------------------+-----------------+-----------------+-------------------------------------------+---------+
; mux.vhd                          ; yes             ; User VHDL File  ; C:/Users/rodri/Desktop/trabalho/mux.vhd   ;         ;
; dp.vhdl                          ; yes             ; User VHDL File  ; C:/Users/rodri/Desktop/trabalho/dp.vhdl   ;         ;
; ctrl.vhdl                        ; yes             ; User VHDL File  ; C:/Users/rodri/Desktop/trabalho/ctrl.vhdl ;         ;
; cpu.vhdl                         ; yes             ; User VHDL File  ; C:/Users/rodri/Desktop/trabalho/cpu.vhdl  ;         ;
+----------------------------------+-----------------+-----------------+-------------------------------------------+---------+


+-----------------------------------------------------+
; Analysis & Synthesis Resource Usage Summary         ;
+---------------------------------------------+-------+
; Resource                                    ; Usage ;
+---------------------------------------------+-------+
; Estimated Total logic elements              ; 116   ;
;                                             ;       ;
; Total combinational functions               ; 82    ;
; Logic element usage by number of LUT inputs ;       ;
;     -- 4 input functions                    ; 45    ;
;     -- 3 input functions                    ; 13    ;
;     -- <=2 input functions                  ; 24    ;
;                                             ;       ;
; Logic elements by mode                      ;       ;
;     -- normal mode                          ; 77    ;
;     -- arithmetic mode                      ; 5     ;
;                                             ;       ;
; Total registers                             ; 80    ;
;     -- Dedicated logic registers            ; 80    ;
;     -- I/O registers                        ; 0     ;
;                                             ;       ;
; I/O pins                                    ; 53    ;
; Embedded Multiplier 9-bit elements          ; 0     ;
; Maximum fan-out node                        ; clk   ;
; Maximum fan-out                             ; 80    ;
; Total fan-out                               ; 515   ;
; Average fan-out                             ; 2.40  ;
+---------------------------------------------+-------+


+-------------------------------------------------------------------------------------------------------------------------------------------------------------------------------------------+
; Analysis & Synthesis Resource Utilization by Entity                                                                                                                                       ;
+----------------------------+-------------------+--------------+-------------+--------------+---------+-----------+------+--------------+-----------------------------------+--------------+
; Compilation Hierarchy Node ; LC Combinationals ; LC Registers ; Memory Bits ; DSP Elements ; DSP 9x9 ; DSP 18x18 ; Pins ; Virtual Pins ; Full Hierarchy Name               ; Library Name ;
+----------------------------+-------------------+--------------+-------------+--------------+---------+-----------+------+--------------+-----------------------------------+--------------+
; |cpu                       ; 82 (10)           ; 80 (24)      ; 0           ; 0            ; 0       ; 0         ; 53   ; 0            ; |cpu                              ; work         ;
;    |ctrl:controller|       ; 43 (43)           ; 28 (28)      ; 0           ; 0            ; 0       ; 0         ; 0    ; 0            ; |cpu|ctrl:controller              ; work         ;
;    |dp:datapath|           ; 29 (0)            ; 28 (0)       ; 0           ; 0            ; 0       ; 0         ; 0    ; 0            ; |cpu|dp:datapath                  ; work         ;
;       |acc:Acumulador|     ; 4 (4)             ; 4 (4)        ; 0           ; 0            ; 0       ; 0         ; 0    ; 0            ; |cpu|dp:datapath|acc:Acumulador   ; work         ;
;       |alu:ULA|            ; 13 (13)           ; 4 (4)        ; 0           ; 0            ; 0       ; 0         ; 0    ; 0            ; |cpu|dp:datapath|alu:ULA          ; work         ;
;       |rf:Registradores|   ; 12 (12)           ; 20 (20)      ; 0           ; 0            ; 0       ; 0         ; 0    ; 0            ; |cpu|dp:datapath|rf:Registradores ; work         ;
+----------------------------+-------------------+--------------+-------------+--------------+---------+-----------+------+--------------+-----------------------------------+--------------+
Note: For table entries with two numbers listed, the numbers in parentheses indicate the number of resources of the given type used by the specific entity alone. The numbers listed outside of parentheses indicate the total resources of the given type used by the specific entity and all of its sub-entities in the hierarchy.


Encoding Type:  One-Hot
+-----------------------------------------------------------------------------------------------------------------------+
; State Machine - |cpu|ctrl:controller|state                                                                            ;
+------------+------------+------------+------------+------------+----------+----------+----------+----------+----------+
; Name       ; state.done ; state.s4_3 ; state.s4_2 ; state.s4_1 ; state.s4 ; state.s3 ; state.s2 ; state.s1 ; state.s0 ;
+------------+------------+------------+------------+------------+----------+----------+----------+----------+----------+
; state.s0   ; 0          ; 0          ; 0          ; 0          ; 0        ; 0        ; 0        ; 0        ; 0        ;
; state.s1   ; 0          ; 0          ; 0          ; 0          ; 0        ; 0        ; 0        ; 1        ; 1        ;
; state.s2   ; 0          ; 0          ; 0          ; 0          ; 0        ; 0        ; 1        ; 0        ; 1        ;
; state.s3   ; 0          ; 0          ; 0          ; 0          ; 0        ; 1        ; 0        ; 0        ; 1        ;
; state.s4   ; 0          ; 0          ; 0          ; 0          ; 1        ; 0        ; 0        ; 0        ; 1        ;
; state.s4_1 ; 0          ; 0          ; 0          ; 1          ; 0        ; 0        ; 0        ; 0        ; 1        ;
; state.s4_2 ; 0          ; 0          ; 1          ; 0          ; 0        ; 0        ; 0        ; 0        ; 1        ;
; state.s4_3 ; 0          ; 1          ; 0          ; 0          ; 0        ; 0        ; 0        ; 0        ; 1        ;
; state.done ; 1          ; 0          ; 0          ; 0          ; 0        ; 0        ; 0        ; 0        ; 1        ;
+------------+------------+------------+------------+------------+----------+----------+----------+----------+----------+


+-------------------------------------------------------------------------------------------+
; Registers Removed During Synthesis                                                        ;
+----------------------------------------+--------------------------------------------------+
; Register name                          ; Reason for Removal                               ;
+----------------------------------------+--------------------------------------------------+
; g0~reg0                                ; Stuck at VCC due to stuck port data_in           ;
; c0~reg0                                ; Stuck at GND due to stuck port data_in           ;
; b0~reg0                                ; Stuck at GND due to stuck port data_in           ;
; ctrl:controller|OPCODE[2]              ; Stuck at GND due to stuck port data_in           ;
; dp:datapath|acc:Acumulador|temp[3]     ; Merged with dp:datapath|acc:Acumulador|output[3] ;
; dp:datapath|acc:Acumulador|temp[2]     ; Merged with dp:datapath|acc:Acumulador|output[2] ;
; dp:datapath|acc:Acumulador|temp[1]     ; Merged with dp:datapath|acc:Acumulador|output[1] ;
; dp:datapath|acc:Acumulador|temp[0]     ; Merged with dp:datapath|acc:Acumulador|output[0] ;
; g2~reg0                                ; Merged with g1~reg0                              ;
; g3~reg0                                ; Merged with g1~reg0                              ;
; g4~reg0                                ; Merged with g1~reg0                              ;
; d4~reg0                                ; Merged with a4~reg0                              ;
; e4~reg0                                ; Merged with a4~reg0                              ;
; f4~reg0                                ; Merged with a4~reg0                              ;
; b2~reg0                                ; Merged with b1~reg0                              ;
; b3~reg0                                ; Merged with b1~reg0                              ;
; b4~reg0                                ; Merged with b1~reg0                              ;
; c1~reg0                                ; Merged with b1~reg0                              ;
; c2~reg0                                ; Merged with b1~reg0                              ;
; c3~reg0                                ; Merged with b1~reg0                              ;
; c4~reg0                                ; Merged with b1~reg0                              ;
; d3~reg0                                ; Merged with a3~reg0                              ;
; e3~reg0                                ; Merged with a3~reg0                              ;
; f3~reg0                                ; Merged with a3~reg0                              ;
; d2~reg0                                ; Merged with a2~reg0                              ;
; e2~reg0                                ; Merged with a2~reg0                              ;
; f2~reg0                                ; Merged with a2~reg0                              ;
; d1~reg0                                ; Merged with a1~reg0                              ;
; e1~reg0                                ; Merged with a1~reg0                              ;
; f1~reg0                                ; Merged with a1~reg0                              ;
; b1~reg0                                ; Stuck at GND due to stuck port data_in           ;
; g1~reg0                                ; Stuck at VCC due to stuck port data_in           ;
; ctrl:controller|OP[2]                  ; Stuck at GND due to stuck port data_in           ;
; opcode_teste[2]~reg0                   ; Stuck at GND due to stuck port data_in           ;
; opcode_in[2]                           ; Stuck at GND due to stuck port data_in           ;
; a2~reg0                                ; Stuck at GND due to stuck port data_in           ;
; ctrl:controller|state.s3               ; Lost fanout                                      ;
; ctrl:controller|PC[3..31]              ; Lost fanout                                      ;
; Total Number of Removed Registers = 66 ;                                                  ;
+----------------------------------------+--------------------------------------------------+


+---------------------------------------------------------------------------------------------------------------------------------+
; Removed Registers Triggering Further Register Optimizations                                                                     ;
+---------------------------+---------------------------+-------------------------------------------------------------------------+
; Register name             ; Reason for Removal        ; Registers Removed due to This Register                                  ;
+---------------------------+---------------------------+-------------------------------------------------------------------------+
; ctrl:controller|PC[31]    ; Lost Fanouts              ; ctrl:controller|PC[30], ctrl:controller|PC[29], ctrl:controller|PC[28], ;
;                           ;                           ; ctrl:controller|PC[27], ctrl:controller|PC[26], ctrl:controller|PC[25], ;
;                           ;                           ; ctrl:controller|PC[24], ctrl:controller|PC[23], ctrl:controller|PC[22], ;
;                           ;                           ; ctrl:controller|PC[21], ctrl:controller|PC[20], ctrl:controller|PC[19], ;
;                           ;                           ; ctrl:controller|PC[18], ctrl:controller|PC[17], ctrl:controller|PC[16], ;
;                           ;                           ; ctrl:controller|PC[15], ctrl:controller|PC[14], ctrl:controller|PC[13], ;
;                           ;                           ; ctrl:controller|PC[12], ctrl:controller|PC[11], ctrl:controller|PC[10], ;
;                           ;                           ; ctrl:controller|PC[9], ctrl:controller|PC[8], ctrl:controller|PC[7],    ;
;                           ;                           ; ctrl:controller|PC[6], ctrl:controller|PC[5], ctrl:controller|PC[4],    ;
;                           ;                           ; ctrl:controller|PC[3]                                                   ;
; ctrl:controller|OPCODE[2] ; Stuck at GND              ; ctrl:controller|OP[2], opcode_teste[2]~reg0, opcode_in[2], a2~reg0      ;
;                           ; due to stuck port data_in ;                                                                         ;
+---------------------------+---------------------------+-------------------------------------------------------------------------+


+------------------------------------------------------+
; General Register Statistics                          ;
+----------------------------------------------+-------+
; Statistic                                    ; Value ;
+----------------------------------------------+-------+
; Total registers                              ; 80    ;
; Number of registers using Synchronous Clear  ; 0     ;
; Number of registers using Synchronous Load   ; 0     ;
; Number of registers using Asynchronous Clear ; 12    ;
; Number of registers using Asynchronous Load  ; 0     ;
; Number of registers using Clock Enable       ; 47    ;
; Number of registers using Preset             ; 0     ;
+----------------------------------------------+-------+


+--------------------------------------------------+
; Inverted Register Statistics                     ;
+----------------------------------------+---------+
; Inverted Register                      ; Fan out ;
+----------------------------------------+---------+
; ctrl:controller|PC[0]                  ; 8       ;
; Total number of inverted registers = 1 ;         ;
+----------------------------------------+---------+


+-----------------------------------------------------------------------------------------------------------------------------------------------------------+
; Multiplexer Restructuring Statistics (Restructuring Performed)                                                                                            ;
+--------------------+-----------+---------------+----------------------+------------------------+------------+---------------------------------------------+
; Multiplexer Inputs ; Bus Width ; Baseline Area ; Area if Restructured ; Saving if Restructured ; Registered ; Example Multiplexer Output                  ;
+--------------------+-----------+---------------+----------------------+------------------------+------------+---------------------------------------------+
; 4:1                ; 4 bits    ; 8 LEs         ; 8 LEs                ; 0 LEs                  ; Yes        ; |cpu|dp:datapath|rf:Registradores|output[1] ;
; 3:1                ; 4 bits    ; 8 LEs         ; 4 LEs                ; 4 LEs                  ; Yes        ; |cpu|dp:datapath|acc:Acumulador|output[3]   ;
; 3:1                ; 3 bits    ; 6 LEs         ; 3 LEs                ; 3 LEs                  ; Yes        ; |cpu|ctrl:controller|PC[2]                  ;
; 8:1                ; 2 bits    ; 10 LEs        ; 0 LEs                ; 10 LEs                 ; Yes        ; |cpu|g1~reg0                                ;
; 16:1               ; 4 bits    ; 40 LEs        ; 24 LEs               ; 16 LEs                 ; Yes        ; |cpu|a4~reg0                                ;
; 16:1               ; 4 bits    ; 40 LEs        ; 16 LEs               ; 24 LEs                 ; Yes        ; |cpu|dp:datapath|alu:ULA|output[2]          ;
; 6:1                ; 3 bits    ; 12 LEs        ; 3 LEs                ; 9 LEs                  ; Yes        ; |cpu|ctrl:controller|OP[3]                  ;
; 7:1                ; 4 bits    ; 16 LEs        ; 4 LEs                ; 12 LEs                 ; Yes        ; |cpu|ctrl:controller|imm[3]                 ;
+--------------------+-----------+---------------+----------------------+------------------------+------------+---------------------------------------------+


+--------------------------------------------------------------------------------------------------------------------+
; Port Connectivity Checks: "dp:datapath"                                                                            ;
+----------+--------+----------+-------------------------------------------------------------------------------------+
; Port     ; Type   ; Severity ; Details                                                                             ;
+----------+--------+----------+-------------------------------------------------------------------------------------+
; en_acc1  ; Output ; Info     ; Connected to dangling logic. Logic that only feeds a dangling port will be removed. ;
; en_rf1   ; Output ; Info     ; Connected to dangling logic. Logic that only feeds a dangling port will be removed. ;
; sel_mux1 ; Output ; Info     ; Connected to dangling logic. Logic that only feeds a dangling port will be removed. ;
+----------+--------+----------+-------------------------------------------------------------------------------------+


+-------------------------------+
; Elapsed Time Per Partition    ;
+----------------+--------------+
; Partition Name ; Elapsed Time ;
+----------------+--------------+
; Top            ; 00:00:00     ;
+----------------+--------------+


+-------------------------------+
; Analysis & Synthesis Messages ;
+-------------------------------+
Info: *******************************************************************
Info: Running Quartus II 64-Bit Analysis & Synthesis
    Info: Version 13.0.1 Build 232 06/12/2013 Service Pack 1 SJ Web Edition
    Info: Processing started: Mon Dec 11 14:20:00 2017
Info: Command: quartus_map --read_settings_files=on --write_settings_files=off cpu -c cpu
Warning (20028): Parallel compilation is not licensed and has been disabled
Warning (12090): Entity "mux" obtained from "mux.vhd" instead of from Quartus II megafunction library
Info (12021): Found 2 design units, including 1 entities, in source file mux.vhd
    Info (12022): Found design unit 1: mux-mux
    Info (12023): Found entity 1: mux
Info (12021): Found 8 design units, including 4 entities, in source file dp.vhdl
    Info (12022): Found design unit 1: alu-bhv
    Info (12022): Found design unit 2: acc-bhv
    Info (12022): Found design unit 3: rf-bhv
    Info (12022): Found design unit 4: dp-rtl2
    Info (12023): Found entity 1: alu
    Info (12023): Found entity 2: acc
    Info (12023): Found entity 3: rf
    Info (12023): Found entity 4: dp
Info (12021): Found 2 design units, including 1 entities, in source file ctrl.vhdl
    Info (12022): Found design unit 1: ctrl-fsm
    Info (12023): Found entity 1: ctrl
Info (12021): Found 2 design units, including 1 entities, in source file cpu.vhdl
    Info (12022): Found design unit 1: cpu-struc
    Info (12023): Found entity 1: cpu
Info (12127): Elaborating entity "cpu" for the top level hierarchy
Warning (10036): Verilog HDL or VHDL warning at cpu.vhdl(59): object "en_acc1" assigned a value but never read
Warning (10036): Verilog HDL or VHDL warning at cpu.vhdl(60): object "en_rf1" assigned a value but never read
Warning (10036): Verilog HDL or VHDL warning at cpu.vhdl(61): object "sel_mux1" assigned a value but never read
Info (12128): Elaborating entity "ctrl" for hierarchy "ctrl:controller"
Info (12128): Elaborating entity "dp" for hierarchy "dp:datapath"
Info (12128): Elaborating entity "alu" for hierarchy "dp:datapath|alu:ULA"
Info (12128): Elaborating entity "mux" for hierarchy "dp:datapath|mux:mux2X1"
Warning (10492): VHDL Process Statement warning at mux.vhd(18): signal "in1" is read inside the Process Statement but isn't in the Process Statement's sensitivity list
Warning (10492): VHDL Process Statement warning at mux.vhd(20): signal "in2" is read inside the Process Statement but isn't in the Process Statement's sensitivity list
Info (12128): Elaborating entity "acc" for hierarchy "dp:datapath|acc:Acumulador"
Info (12128): Elaborating entity "rf" for hierarchy "dp:datapath|rf:Registradores"
Warning (13024): Output pins are stuck at VCC or GND
    Warning (13410): Pin "b0" is stuck at GND
    Warning (13410): Pin "c0" is stuck at GND
    Warning (13410): Pin "g0" is stuck at VCC
    Warning (13410): Pin "b1" is stuck at GND
    Warning (13410): Pin "c1" is stuck at GND
    Warning (13410): Pin "g1" is stuck at VCC
    Warning (13410): Pin "a2" is stuck at GND
    Warning (13410): Pin "b2" is stuck at GND
    Warning (13410): Pin "c2" is stuck at GND
    Warning (13410): Pin "d2" is stuck at GND
    Warning (13410): Pin "e2" is stuck at GND
    Warning (13410): Pin "f2" is stuck at GND
    Warning (13410): Pin "g2" is stuck at VCC
    Warning (13410): Pin "b3" is stuck at GND
    Warning (13410): Pin "c3" is stuck at GND
    Warning (13410): Pin "g3" is stuck at VCC
    Warning (13410): Pin "b4" is stuck at GND
    Warning (13410): Pin "c4" is stuck at GND
    Warning (13410): Pin "g4" is stuck at VCC
    Warning (13410): Pin "opcode_teste[2]" is stuck at GND
Info (17049): 30 registers lost all their fanouts during netlist optimizations.
Info (16010): Generating hard_block partition "hard_block:auto_generated_inst"
    Info (16011): Adding 0 node(s), including 0 DDIO, 0 PLL, 0 transceiver and 0 LCELL
Info (21057): Implemented 171 device resources after synthesis - the final resource count might be different
    Info (21058): Implemented 3 input pins
    Info (21059): Implemented 50 output pins
    Info (21061): Implemented 118 logic cells
Info: Quartus II 64-Bit Analysis & Synthesis was successful. 0 errors, 28 warnings
    Info: Peak virtual memory: 516 megabytes
    Info: Processing ended: Mon Dec 11 14:20:02 2017
    Info: Elapsed time: 00:00:02
    Info: Total CPU time (on all processors): 00:00:02


